[error] Failed to fetch Firebase Project from Studio Workspace because WORKSPACE_SLUG environment variable is empty
[error] Failed to fetch Firebase Project from Studio Workspace because WORKSPACE_SLUG environment variable is empty
[debug] [2025-12-21T15:03:02.842Z] > command requires scopes: ["email","openid","https://www.googleapis.com/auth/cloudplatformprojects.readonly","https://www.googleapis.com/auth/firebase","https://www.googleapis.com/auth/cloud-platform","https://www.googleapis.com/auth/userinfo.email"]
[error] Failed to fetch Firebase Project from Studio Workspace because WORKSPACE_SLUG environment variable is empty
[error] Failed to fetch Firebase Project from Studio Workspace because WORKSPACE_SLUG environment variable is empty
[debug] [2025-12-21T15:03:02.854Z] > command requires scopes: ["email","openid","https://www.googleapis.com/auth/cloudplatformprojects.readonly","https://www.googleapis.com/auth/firebase","https://www.googleapis.com/auth/cloud-platform","https://www.googleapis.com/auth/userinfo.email"]
[error] Failed to fetch Firebase Project from Studio Workspace because WORKSPACE_SLUG environment variable is empty
[error] Failed to fetch Firebase Project from Studio Workspace because WORKSPACE_SLUG environment variable is empty
[error] Failed to fetch Firebase Project from Studio Workspace because WORKSPACE_SLUG environment variable is empty
[error] Failed to fetch Firebase Project from Studio Workspace because WORKSPACE_SLUG environment variable is empty
[debug] [2025-12-21T15:04:02.586Z] > command requires scopes: ["email","openid","https://www.googleapis.com/auth/cloudplatformprojects.readonly","https://www.googleapis.com/auth/firebase","https://www.googleapis.com/auth/cloud-platform","https://www.googleapis.com/auth/userinfo.email"]
[debug] [2025-12-21T15:04:02.586Z] > command requires scopes: ["email","openid","https://www.googleapis.com/auth/cloudplatformprojects.readonly","https://www.googleapis.com/auth/firebase","https://www.googleapis.com/auth/cloud-platform","https://www.googleapis.com/auth/userinfo.email"]
[debug] [2025-12-21T15:04:10.374Z] Running auto auth
[debug] [2025-12-21T15:04:10.374Z] Running auto auth
[debug] [2025-12-21T15:04:10.375Z] Running auto auth
[debug] [2025-12-21T15:04:10.375Z] Running auto auth
[debug] [2025-12-21T15:04:10.394Z] No OAuth tokens found
[debug] [2025-12-21T15:04:10.395Z] >>> [apiv2][query] GET https://cloudbilling.googleapis.com/v1/projects/citk-connect-project/billingInfo [none]
[debug] [2025-12-21T15:04:10.441Z] No OAuth tokens found
[debug] [2025-12-21T15:04:10.442Z] >>> [apiv2][query] GET https://cloudbilling.googleapis.com/v1/projects/citk-connect-project/billingInfo [none]
[debug] [2025-12-21T15:04:10.449Z] No OAuth tokens found
[debug] [2025-12-21T15:04:10.450Z] >>> [apiv2][query] GET https://cloudbilling.googleapis.com/v1/projects/citk-connect-project/billingInfo [none]
[debug] [2025-12-21T15:04:10.457Z] No OAuth tokens found
[debug] [2025-12-21T15:04:10.457Z] >>> [apiv2][query] GET https://cloudbilling.googleapis.com/v1/projects/citk-connect-project/billingInfo [none]
[debug] [2025-12-21T15:04:10.888Z] <<< [apiv2][status] GET https://cloudbilling.googleapis.com/v1/projects/citk-connect-project/billingInfo 403
[debug] [2025-12-21T15:04:10.889Z] <<< [apiv2][body] GET https://cloudbilling.googleapis.com/v1/projects/citk-connect-project/billingInfo {"error":{"code":403,"message":"The caller does not have permission","status":"PERMISSION_DENIED"}}
[debug] [2025-12-21T15:04:11.483Z] <<< [apiv2][status] GET https://cloudbilling.googleapis.com/v1/projects/citk-connect-project/billingInfo 403
[debug] [2025-12-21T15:04:11.484Z] <<< [apiv2][body] GET https://cloudbilling.googleapis.com/v1/projects/citk-connect-project/billingInfo {"error":{"code":403,"message":"The caller does not have permission","status":"PERMISSION_DENIED"}}
[debug] [2025-12-21T15:04:11.601Z] <<< [apiv2][status] GET https://cloudbilling.googleapis.com/v1/projects/citk-connect-project/billingInfo 403
[debug] [2025-12-21T15:04:11.601Z] <<< [apiv2][body] GET https://cloudbilling.googleapis.com/v1/projects/citk-connect-project/billingInfo {"error":{"code":403,"message":"The caller does not have permission","status":"PERMISSION_DENIED"}}
[debug] [2025-12-21T15:04:11.607Z] <<< [apiv2][status] GET https://cloudbilling.googleapis.com/v1/projects/citk-connect-project/billingInfo 403
[debug] [2025-12-21T15:05:33.261Z] ----------------------------------------------------------------------
[debug] [2025-12-21T15:05:33.263Z] Command:       /nix/store/ws50yvm6vzlzf7jzz6n7xh4szddrack1-nodejs-20.19.1/bin/node /nix/store/c776mhyhgykcld7p90ajrka149ifn61a-firebase-tools-14.26.0/lib/node_modules/firebase-tools/lib/bin/firebase.js deploy --only hosting
[debug] [2025-12-21T15:05:33.263Z] CLI Version:   14.26.0
[debug] [2025-12-21T15:05:33.263Z] Platform:      linux
[debug] [2025-12-21T15:05:33.263Z] Node Version:  v20.19.1
[debug] [2025-12-21T15:05:33.263Z] Time:          Sun Dec 21 2025 15:05:33 GMT+0000 (Coordinated Universal Time)
[debug] [2025-12-21T15:05:33.264Z] ----------------------------------------------------------------------
[debug] 
[debug] [2025-12-21T15:05:33.266Z] >>> [apiv2][query] GET https://firebase-public.firebaseio.com/cli.json [none]
[debug] [2025-12-21T15:05:33.552Z] No OAuth tokens found
[debug] [2025-12-21T15:05:33.552Z] No OAuth tokens found
[error] Failed to fetch Firebase Project from current Studio Workspace: Unable to refresh auth: not yet authenticated.
[debug] [2025-12-21T15:05:33.557Z] > command requires scopes: ["email","openid","https://www.googleapis.com/auth/cloudplatformprojects.readonly","https://www.googleapis.com/auth/firebase","https://www.googleapis.com/auth/cloud-platform","https://www.googleapis.com/auth/userinfo.email"]
[debug] [2025-12-21T15:05:33.557Z] > authorizing via signed-in user (work.donbill@gmail.com)
[debug] [2025-12-21T15:05:33.558Z] [iam] checking project citk-connect-project for permissions ["firebase.projects.get","firebasehosting.sites.update"]
[debug] [2025-12-21T15:05:33.558Z] No OAuth tokens found
[debug] [2025-12-21T15:05:33.558Z] No OAuth tokens found
[debug] [2025-12-21T15:05:33.558Z] > command requires scopes: ["email","openid","https://www.googleapis.com/auth/cloudplatformprojects.readonly","https://www.googleapis.com/auth/firebase","https://www.googleapis.com/auth/cloud-platform","https://www.googleapis.com/auth/userinfo.email"]
[debug] [2025-12-21T15:05:33.559Z] > authorizing via signed-in user (work.donbill@gmail.com)
[debug] [2025-12-21T15:05:33.559Z] >>> [apiv2][query] POST https://cloudresourcemanager.googleapis.com/v1/projects/citk-connect-project:testIamPermissions [none]
[debug] [2025-12-21T15:05:33.559Z] >>> [apiv2][(partial)header] POST https://cloudresourcemanager.googleapis.com/v1/projects/citk-connect-project:testIamPermissions x-goog-quota-user=projects/citk-connect-project
[debug] [2025-12-21T15:05:33.559Z] >>> [apiv2][body] POST https://cloudresourcemanager.googleapis.com/v1/projects/citk-connect-project:testIamPermissions {"permissions":["firebase.projects.get","firebasehosting.sites.update"]}
[debug] [2025-12-21T15:05:33.912Z] <<< [apiv2][status] GET https://firebase-public.firebaseio.com/cli.json 200
[debug] [2025-12-21T15:05:33.912Z] <<< [apiv2][body] GET https://firebase-public.firebaseio.com/cli.json {"cloudBuildErrorAfter":1594252800000,"cloudBuildWarnAfter":1590019200000,"defaultNode10After":1594252800000,"minVersion":"3.0.5","node8DeploysDisabledAfter":1613390400000,"node8RuntimeDisabledAfter":1615809600000,"node8WarnAfter":1600128000000}
[debug] [2025-12-21T15:05:34.391Z] <<< [apiv2][status] POST https://cloudresourcemanager.googleapis.com/v1/projects/citk-connect-project:testIamPermissions 200
[debug] [2025-12-21T15:05:34.391Z] <<< [apiv2][body] POST https://cloudresourcemanager.googleapis.com/v1/projects/citk-connect-project:testIamPermissions {}
[debug] [2025-12-21T15:05:34.391Z] [iam] error while checking permissions, command may fail: Authorization failed. This account is missing the following required permissions on project citk-connect-project:

  firebase.projects.get
  firebasehosting.sites.update
[debug] [2025-12-21T15:05:34.392Z] No OAuth tokens found
[debug] [2025-12-21T15:05:34.392Z] No OAuth tokens found
[debug] [2025-12-21T15:05:34.392Z] > command requires scopes: ["email","openid","https://www.googleapis.com/auth/cloudplatformprojects.readonly","https://www.googleapis.com/auth/firebase","https://www.googleapis.com/auth/cloud-platform","https://www.googleapis.com/auth/userinfo.email"]
[debug] [2025-12-21T15:05:34.392Z] > authorizing via signed-in user (work.donbill@gmail.com)
[debug] [2025-12-21T15:05:34.393Z] >>> [apiv2][query] GET https://firebase.googleapis.com/v1beta1/projects/citk-connect-project [none]
[debug] [2025-12-21T15:05:34.681Z] <<< [apiv2][status] GET https://firebase.googleapis.com/v1beta1/projects/citk-connect-project 403
[debug] [2025-12-21T15:05:34.682Z] <<< [apiv2][body] GET https://firebase.googleapis.com/v1beta1/projects/citk-connect-project {"error":{"code":403,"message":"The caller does not have permission","status":"PERMISSION_DENIED"}}
[debug] [2025-12-21T15:05:34.682Z] Request to https://firebase.googleapis.com/v1beta1/projects/citk-connect-project had HTTP Error: 403, The caller does not have permission
[debug] [2025-12-21T15:05:34.683Z] FirebaseError: Request to https://firebase.googleapis.com/v1beta1/projects/citk-connect-project had HTTP Error: 403, The caller does not have permission
    at responseToError (/nix/store/c776mhyhgykcld7p90ajrka149ifn61a-firebase-tools-14.26.0/lib/node_modules/firebase-tools/lib/responseToError.js:53:12)
    at RetryOperation._fn (/nix/store/c776mhyhgykcld7p90ajrka149ifn61a-firebase-tools-14.26.0/lib/node_modules/firebase-tools/lib/apiv2.js:322:77)
    at process.processTicksAndRejections (node:internal/process/task_queues:95:5)
[error] 
[error] Error: Failed to get Firebase project citk-connect-project. Please make sure the project exists and your account has permission to access it.
[error] Failed to fetch Firebase Project from Studio Workspace because WORKSPACE_SLUG environment variable is empty
[error] Failed to fetch Firebase Project from Studio Workspace because WORKSPACE_SLUG environment variable is empty
[error] Failed to fetch Firebase Project from Studio Workspace because WORKSPACE_SLUG environment variable is empty
[error] Failed to fetch Firebase Project from Studio Workspace because WORKSPACE_SLUG environment variable is empty
[debug] [2025-12-21T15:06:44.278Z] > command requires scopes: ["email","openid","https://www.googleapis.com/auth/cloudplatformprojects.readonly","https://www.googleapis.com/auth/firebase","https://www.googleapis.com/auth/cloud-platform","https://www.googleapis.com/auth/userinfo.email"]
[debug] [2025-12-21T15:06:44.279Z] > authorizing via signed-in user (work.donbill@gmail.com)
[debug] [2025-12-21T15:06:44.280Z] No OAuth tokens found
[debug] [2025-12-21T15:06:44.281Z] No OAuth tokens found
[debug] [2025-12-21T15:06:44.281Z] > command requires scopes: ["email","openid","https://www.googleapis.com/auth/cloudplatformprojects.readonly","https://www.googleapis.com/auth/firebase","https://www.googleapis.com/auth/cloud-platform","https://www.googleapis.com/auth/userinfo.email"]
[debug] [2025-12-21T15:06:44.281Z] > authorizing via signed-in user (work.donbill@gmail.com)
[debug] [2025-12-21T15:06:44.281Z] > command requires scopes: ["email","openid","https://www.googleapis.com/auth/cloudplatformprojects.readonly","https://www.googleapis.com/auth/firebase","https://www.googleapis.com/auth/cloud-platform","https://www.googleapis.com/auth/userinfo.email"]
[debug] [2025-12-21T15:06:44.282Z] > authorizing via signed-in user (work.donbill@gmail.com)
[debug] [2025-12-21T15:06:44.283Z] No OAuth tokens found
[debug] [2025-12-21T15:06:44.283Z] No OAuth tokens found
[debug] [2025-12-21T15:06:44.283Z] > command requires scopes: ["email","openid","https://www.googleapis.com/auth/cloudplatformprojects.readonly","https://www.googleapis.com/auth/firebase","https://www.googleapis.com/auth/cloud-platform","https://www.googleapis.com/auth/userinfo.email"]
[debug] [2025-12-21T15:06:44.283Z] > authorizing via signed-in user (work.donbill@gmail.com)
[debug] [2025-12-21T15:06:44.285Z] >>> [apiv2][query] GET https://cloudbilling.googleapis.com/v1/projects/citk-connect-project/billingInfo [none]
[debug] [2025-12-21T15:06:44.335Z] >>> [apiv2][query] GET https://cloudbilling.googleapis.com/v1/projects/citk-connect-project/billingInfo [none]
[debug] [2025-12-21T15:06:45.391Z] <<< [apiv2][status] GET https://cloudbilling.googleapis.com/v1/projects/citk-connect-project/billingInfo 403
